********************** Captains Log ************************** 
147247620 Thu Mar 17 2022 21:57:01 GMT-0700 (Pacific Daylight Time) (425)295-8330 -spoke with contact
146560679 Thu Mar 17 2022 21:57:18 GMT-0700 (Pacific Daylight Time) (253)219-8511 -working towards appointment
146648526 Thu Mar 17 2022 21:57:35 GMT-0700 (Pacific Daylight Time) (206)482-5632 -sent text
146313360 Thu Mar 17 2022 21:57:51 GMT-0700 (Pacific Daylight Time) (360)522-1718 -spoke with contact
146201014 Thu Mar 17 2022 21:58:08 GMT-0700 (Pacific Daylight Time) (253)392-0920 -working towards appointment
146562049 Thu Mar 17 2022 21:58:25 GMT-0700 (Pacific Daylight Time) (253)316-3399 -left a message
146636678 Thu Mar 17 2022 21:59:01 GMT-0700 (Pacific Daylight Time) (253)386-9949 -sent text
146376938 Thu Mar 17 2022 21:59:17 GMT-0700 (Pacific Daylight Time) (509)429-4665 -working towards appointment
146308387 Thu Mar 17 2022 21:59:35 GMT-0700 (Pacific Daylight Time) (475)219-1247 -sent text
146548082 Thu Mar 17 2022 21:59:52 GMT-0700 (Pacific Daylight Time) (206)231-7892 -spoke with contact
146464334 Thu Mar 17 2022 22:00:14 GMT-0700 (Pacific Daylight Time) (253)987-9123 -working towards appointment
147247620 Thu Mar 17 2022 23:20:32 GMT-0700 (Pacific Daylight Time) (425)295-8330 -working towards appointment
146560679 Thu Mar 17 2022 23:20:57 GMT-0700 (Pacific Daylight Time) (253)219-8511 -spoke with contact
147583258 Sun Apr 17 2022 01:31:14 GMT-0700 (Pacific Daylight Time) (425)295-8330 undefined
146560679 Sun Apr 17 2022 01:31:34 GMT-0700 (Pacific Daylight Time) (253)219-8511 undefined
146648526 Sun Apr 17 2022 01:31:55 GMT-0700 (Pacific Daylight Time) (206)482-5632 undefined
146313360 Sun Apr 17 2022 01:32:18 GMT-0700 (Pacific Daylight Time) (360)522-1718 undefined
147583258 Sun Apr 17 2022 02:06:17 GMT-0700 (Pacific Daylight Time) (425)295-8330 TOuhg
146560679 Sun Apr 17 2022 02:06:40 GMT-0700 (Pacific Daylight Time) (253)219-8511 undefined
146648526 Sun Apr 17 2022 02:07:02 GMT-0700 (Pacific Daylight Time) (206)482-5632 undefined
146313360 Sun Apr 17 2022 02:07:24 GMT-0700 (Pacific Daylight Time) (360)522-1718 undefined
146562049 Sun Apr 17 2022 02:07:52 GMT-0700 (Pacific Daylight Time) (253)316-3399 undefined
147583258 Sun Apr 17 2022 02:44:13 GMT-0700 (Pacific Daylight Time) (425)295-8330 Email, Text, and Phone (triple play)
147583258 Sun Apr 17 2022 02:53:28 GMT-0700 (Pacific Daylight Time) (425)295-8330 left 2nd messege
146560679 Sun Apr 17 2022 02:53:44 GMT-0700 (Pacific Daylight Time) (253)219-8511 Email, Text, and Phone (triple play)
146648526 Sun Apr 17 2022 02:54:03 GMT-0700 (Pacific Daylight Time) (206)482-5632 Email, Text, and Phone (triple play)
146313360 Sun Apr 17 2022 02:54:22 GMT-0700 (Pacific Daylight Time) (360)522-1718 Email, Text, and Phone (triple play)
146201014 Sun Apr 17 2022 02:54:41 GMT-0700 (Pacific Daylight Time) (253)392-0920 Email, Text, and Phone (triple play)
146562049 Sun Apr 17 2022 02:55:01 GMT-0700 (Pacific Daylight Time) (253)316-3399 Email, Text, and Phone (triple play)
146636678 Sun Apr 17 2022 02:55:21 GMT-0700 (Pacific Daylight Time) (253)386-9949 Email, Text, and Phone (triple play)
146376938 Sun Apr 17 2022 02:55:39 GMT-0700 (Pacific Daylight Time) (509)429-4665 Email, Text, and Phone (triple play)
146308387 Sun Apr 17 2022 02:55:59 GMT-0700 (Pacific Daylight Time) (475)219-1247 Email, Text, and Phone (triple play)
147583258 Sun Apr 17 2022 02:57:24 GMT-0700 (Pacific Daylight Time) (425)295-8330 Email, Text, and Phone (triple play)
146560679 Sun Apr 17 2022 02:57:43 GMT-0700 (Pacific Daylight Time) (253)219-8511 Email, Text, and Phone (triple play)
146648526 Sun Apr 17 2022 02:58:02 GMT-0700 (Pacific Daylight Time) (206)482-5632 Email, Text, and Phone (triple play)
146313360 Sun Apr 17 2022 02:58:22 GMT-0700 (Pacific Daylight Time) (360)522-1718 Email, Text, and Phone (triple play)
146201014 Sun Apr 17 2022 02:58:41 GMT-0700 (Pacific Daylight Time) (253)392-0920 Email, Text, and Phone (triple play)
146562049 Sun Apr 17 2022 02:59:01 GMT-0700 (Pacific Daylight Time) (253)316-3399 Email, Text, and Phone (triple play)
147583258 Sun Apr 17 2022 03:07:39 GMT-0700 (Pacific Daylight Time) (425)295-8330 undefined
146560679 Sun Apr 17 2022 03:07:54 GMT-0700 (Pacific Daylight Time) (253)219-8511 undefined
147583258 Sun Apr 17 2022 03:11:57 GMT-0700 (Pacific Daylight Time) (425)295-8330 contact has requested details
146560679 Sun Apr 17 2022 03:12:16 GMT-0700 (Pacific Daylight Time) (253)219-8511 working toward appointment
146648526 Sun Apr 17 2022 03:12:34 GMT-0700 (Pacific Daylight Time) (206)482-5632 left 2nd messege
146313360 Sun Apr 17 2022 03:12:50 GMT-0700 (Pacific Daylight Time) (360)522-1718 contact has requested details
146201014 Sun Apr 17 2022 03:13:08 GMT-0700 (Pacific Daylight Time) (253)392-0920 Email, Text, and Phone (triple play)
146562049 Sun Apr 17 2022 03:13:27 GMT-0700 (Pacific Daylight Time) (253)316-3399 left 2nd messege
146636678 Sun Apr 17 2022 03:13:43 GMT-0700 (Pacific Daylight Time) (253)386-9949 Email, Text, and Phone (triple play)
146376938 Sun Apr 17 2022 03:14:03 GMT-0700 (Pacific Daylight Time) (509)429-4665 Email, Text, and Phone (triple play)
146308387 Sun Apr 17 2022 03:14:22 GMT-0700 (Pacific Daylight Time) (475)219-1247 left 2nd messege
146464334 Sun Apr 17 2022 03:16:17 GMT-0700 (Pacific Daylight Time) (253)987-9123 Email, Text, and Phone (triple play)
146399357 Sun Apr 17 2022 03:16:36 GMT-0700 (Pacific Daylight Time) (425)314-6566 Email, Text, and Phone (triple play)
146555571 Sun Apr 17 2022 03:16:57 GMT-0700 (Pacific Daylight Time) (646)986-6248 contact has requested details
146177319 Sun Apr 17 2022 03:18:52 GMT-0700 (Pacific Daylight Time) (253)231-2225 contact has requested details
146293265 Sun Apr 17 2022 03:19:11 GMT-0700 (Pacific Daylight Time) (253)224-1855 working toward appointment
146554271 Sun Apr 17 2022 03:19:29 GMT-0700 (Pacific Daylight Time) (253)320-4530 left 2nd messege
146299169 Sun Apr 17 2022 03:19:46 GMT-0700 (Pacific Daylight Time) (253)273-6702 contact has requested details
147583258 Sun Apr 17 2022 04:15:12 GMT-0700 (Pacific Daylight Time) (425)295-8330 _Email, Text, and Phone (triple play)
146560679 Sun Apr 17 2022 04:15:31 GMT-0700 (Pacific Daylight Time) (253)219-8511 _left 2nd messege
146648526 Sun Apr 17 2022 04:15:49 GMT-0700 (Pacific Daylight Time) (206)482-5632 _contact has requested details
146313360 Sun Apr 17 2022 04:16:08 GMT-0700 (Pacific Daylight Time) (360)522-1718 _Email, Text, and Phone (triple play)
146201014 Sun Apr 17 2022 04:16:27 GMT-0700 (Pacific Daylight Time) (253)392-0920 _left 2nd messege
146562049 Sun Apr 17 2022 04:16:45 GMT-0700 (Pacific Daylight Time) (253)316-3399 _Email, Text, and Phone (triple play)
146636678 Sun Apr 17 2022 04:17:05 GMT-0700 (Pacific Daylight Time) (253)386-9949 _Email, Text, and Phone (triple play)
146376938 Sun Apr 17 2022 04:17:25 GMT-0700 (Pacific Daylight Time) (509)429-4665 _left 2nd messege
147317920 Tue Apr 19 2022 05:45:01 GMT-0700 (Pacific Daylight Time) (253)903-3333 _contact has requested details
147317903 Tue Apr 19 2022 05:45:20 GMT-0700 (Pacific Daylight Time) (253)577-6000 _working toward appointment
147317715 Tue Apr 19 2022 05:45:39 GMT-0700 (Pacific Daylight Time) (343)344-8885 _Email, Text, and Phone (triple play)
147317707 Tue Apr 19 2022 05:45:58 GMT-0700 (Pacific Daylight Time) (234)434-3034 _Email, Text, and Phone (triple play)
147317686 Tue Apr 19 2022 05:46:18 GMT-0700 (Pacific Daylight Time) (253)890-4433 _Email, Text, and Phone (triple play)
147317675 Tue Apr 19 2022 05:46:36 GMT-0700 (Pacific Daylight Time) (253)666-3232 _Email, Text, and Phone (triple play)
147317666 Tue Apr 19 2022 05:46:57 GMT-0700 (Pacific Daylight Time) (253)445-3222 _contact has requested details
147317436 Tue Apr 19 2022 05:47:17 GMT-0700 (Pacific Daylight Time) (253)444-4444 _working toward appointment
147317060 Tue Apr 19 2022 05:47:36 GMT-0700 (Pacific Daylight Time) (253)999-0000 _Email, Text, and Phone (triple play)
147071434 Tue Apr 19 2022 05:47:57 GMT-0700 (Pacific Daylight Time) (253)765-1908 _contact has requested details
147231306 Tue Apr 19 2022 05:48:16 GMT-0700 (Pacific Daylight Time) (253)281-6002 _working toward appointment
147230733 Tue Apr 19 2022 05:48:36 GMT-0700 (Pacific Daylight Time) (253)981-2834 _Email, Text, and Phone (triple play)
147207466 Tue Apr 19 2022 05:48:55 GMT-0700 (Pacific Daylight Time) (720)461-7224 _contact has requested details
147203482 Tue Apr 19 2022 05:49:14 GMT-0700 (Pacific Daylight Time) (253)290-6201 _working toward appointment
147203426 Tue Apr 19 2022 05:49:34 GMT-0700 (Pacific Daylight Time) (253)328-1483 _left 2nd messege
147161026 Tue Apr 19 2022 05:49:51 GMT-0700 (Pacific Daylight Time) (534)455-5552 _contact has requested details
147146978 Tue Apr 19 2022 05:50:09 GMT-0700 (Pacific Daylight Time) (509)362-1985 _Email, Text, and Phone (triple play)
147146877 Tue Apr 19 2022 05:50:30 GMT-0700 (Pacific Daylight Time) (360)310-2216 _left 2nd messege
146690342 Tue Apr 19 2022 05:50:47 GMT-0700 (Pacific Daylight Time) (253)282-2029 _contact has requested details
147083060 Tue Apr 19 2022 05:51:06 GMT-0700 (Pacific Daylight Time) (360)880-9399 _Email, Text, and Phone (triple play)
146969112 Tue Apr 19 2022 05:51:27 GMT-0700 (Pacific Daylight Time) (253)549-8739 _left 2nd messege
147072900 Tue Apr 19 2022 05:51:45 GMT-0700 (Pacific Daylight Time) (253)375-5360 _Email, Text, and Phone (triple play)
146976175 Tue Apr 19 2022 05:52:05 GMT-0700 (Pacific Daylight Time) (206)434-7402 _Email, Text, and Phone (triple play)
147037904 Tue Apr 19 2022 05:52:28 GMT-0700 (Pacific Daylight Time) (205)239-4918 _left 2nd messege
147050454 Tue Apr 19 2022 05:52:44 GMT-0700 (Pacific Daylight Time) (253)217-6819 _Email, Text, and Phone (triple play)
147050976 Tue Apr 19 2022 05:53:04 GMT-0700 (Pacific Daylight Time) (253)218-9109 _Email, Text, and Phone (triple play)
147051392 Tue Apr 19 2022 05:53:25 GMT-0700 (Pacific Daylight Time) (206)379-5458 _left 2nd messege
147052426 Tue Apr 19 2022 05:53:42 GMT-0700 (Pacific Daylight Time) (253)355-7436 _Email, Text, and Phone (triple play)
147052973 Tue Apr 19 2022 05:54:02 GMT-0700 (Pacific Daylight Time) (253)239-8476 _Email, Text, and Phone (triple play)
147056072 Tue Apr 19 2022 05:54:22 GMT-0700 (Pacific Daylight Time) (538)753-3332 _working toward appointment
147056088 Tue Apr 19 2022 05:54:41 GMT-0700 (Pacific Daylight Time) (535)678-2222 _Email, Text, and Phone (triple play)
147056108 Tue Apr 19 2022 05:54:59 GMT-0700 (Pacific Daylight Time) (067)773-3332 _Email, Text, and Phone (triple play)
147056194 Tue Apr 19 2022 05:55:20 GMT-0700 (Pacific Daylight Time) (253)890-3333 _Email, Text, and Phone (triple play)
147038179 Tue Apr 19 2022 05:55:39 GMT-0700 (Pacific Daylight Time) (253)293-3314 _Email, Text, and Phone (triple play)
147045992 Tue Apr 19 2022 05:55:59 GMT-0700 (Pacific Daylight Time) (253)361-0026 _Email, Text, and Phone (triple play)
147049052 Tue Apr 19 2022 05:56:20 GMT-0700 (Pacific Daylight Time) (253)331-1148 _Email, Text, and Phone (triple play)
146366820 Tue Apr 19 2022 05:56:40 GMT-0700 (Pacific Daylight Time) (206)304-2173 _Email, Text, and Phone (triple play)
146286438 Tue Apr 19 2022 05:56:59 GMT-0700 (Pacific Daylight Time) (253)954-8498 _Email, Text, and Phone (triple play)
146370254 Tue Apr 19 2022 05:57:18 GMT-0700 (Pacific Daylight Time) (206)856-7526 _Email, Text, and Phone (triple play)
146245511 Tue Apr 19 2022 05:57:37 GMT-0700 (Pacific Daylight Time) (253)222-9065 _Email, Text, and Phone (triple play)
146573925 Tue Apr 19 2022 05:57:56 GMT-0700 (Pacific Daylight Time) (253)353-1750 _contact has requested details
146382987 Tue Apr 19 2022 05:58:16 GMT-0700 (Pacific Daylight Time) (253)439-8321 _working toward appointment
146592831 Tue Apr 19 2022 05:58:34 GMT-0700 (Pacific Daylight Time) (360)259-4500 _Email, Text, and Phone (triple play)
146311138 Tue Apr 19 2022 05:58:53 GMT-0700 (Pacific Daylight Time) (360)440-9621 _contact has requested details
146381172 Tue Apr 19 2022 05:59:10 GMT-0700 (Pacific Daylight Time) (253)722-3901 _working toward appointment
146523821 Tue Apr 19 2022 05:59:29 GMT-0700 (Pacific Daylight Time) (253)345-1439 _left 2nd messege
146274716 Tue Apr 19 2022 05:59:46 GMT-0700 (Pacific Daylight Time) (206)734-7434 _contact has requested details
146535619 Tue Apr 19 2022 06:00:05 GMT-0700 (Pacific Daylight Time) (425)753-3819 _Email, Text, and Phone (triple play)
146626803 Tue Apr 19 2022 06:00:25 GMT-0700 (Pacific Daylight Time) (360)842-9916 _left 2nd messege
146546364 Tue Apr 19 2022 06:00:42 GMT-0700 (Pacific Daylight Time) (253)341-8117 _Email, Text, and Phone (triple play)
146544929 Tue Apr 19 2022 06:01:01 GMT-0700 (Pacific Daylight Time) (916)694-4342 _Email, Text, and Phone (triple play)
146206106 Tue Apr 19 2022 06:01:21 GMT-0700 (Pacific Daylight Time) (360)508-9533 _working toward appointment
146299169 Tue Apr 19 2022 06:01:38 GMT-0700 (Pacific Daylight Time) (253)273-6702 _Email, Text, and Phone (triple play)
147318689 Tue Apr 19 2022 06:01:57 GMT-0700 (Pacific Daylight Time) (222)222-2222 _contact has requested details
147318427 Tue Apr 19 2022 06:02:16 GMT-0700 (Pacific Daylight Time) (343)999-0000 _working toward appointment
147318406 Tue Apr 19 2022 06:02:34 GMT-0700 (Pacific Daylight Time) (233)444-2323 _Email, Text, and Phone (triple play)
147318336 Tue Apr 19 2022 06:02:54 GMT-0700 (Pacific Daylight Time) (253)009-2322 _contact has requested details
147318226 Tue Apr 19 2022 06:03:12 GMT-0700 (Pacific Daylight Time) (509)656-7777 _working toward appointment
147318214 Tue Apr 19 2022 06:03:30 GMT-0700 (Pacific Daylight Time) (509)444-6766 _left 2nd messege
147318148 Tue Apr 19 2022 06:03:52 GMT-0700 (Pacific Daylight Time) (253)456-7777 _contact has requested details
147318137 Tue Apr 19 2022 06:04:10 GMT-0700 (Pacific Daylight Time) (234)333-4444 _working toward appointment
147268218 Tue Apr 19 2022 06:04:29 GMT-0700 (Pacific Daylight Time) (253)328-9022 _left 2nd messege
147268355 Tue Apr 19 2022 06:04:47 GMT-0700 (Pacific Daylight Time) (206)379-8710 _contact has requested details
147273014 Tue Apr 19 2022 06:05:07 GMT-0700 (Pacific Daylight Time) (253)264-7415 _Email, Text, and Phone (triple play)
147279728 Tue Apr 19 2022 06:05:25 GMT-0700 (Pacific Daylight Time) (425)894-0429 _left 2nd messege
147282656 Tue Apr 19 2022 06:05:43 GMT-0700 (Pacific Daylight Time) (253)370-2150 _Email, Text, and Phone (triple play)
147317517 Tue Apr 19 2022 06:06:02 GMT-0700 (Pacific Daylight Time) (253)984-8345 _Email, Text, and Phone (triple play)
147317655 Tue Apr 19 2022 06:06:21 GMT-0700 (Pacific Daylight Time) (360)543-0022 _working toward appointment
147160563 Tue Apr 19 2022 06:06:39 GMT-0700 (Pacific Daylight Time) (206)890-3590 _Email, Text, and Phone (triple play)
147167835 Tue Apr 19 2022 06:06:59 GMT-0700 (Pacific Daylight Time) (253)576-5784 _Email, Text, and Phone (triple play)
147181704 Tue Apr 19 2022 06:07:18 GMT-0700 (Pacific Daylight Time) (206)954-1212 _Email, Text, and Phone (triple play)
147187045 Tue Apr 19 2022 06:07:37 GMT-0700 (Pacific Daylight Time) (360)915-2695 _Email, Text, and Phone (triple play)
147188937 Tue Apr 19 2022 06:07:56 GMT-0700 (Pacific Daylight Time) (253)783-2233 _contact has requested details
147199548 Tue Apr 19 2022 06:08:19 GMT-0700 (Pacific Daylight Time) (360)304-0354 _working toward appointment
147201735 Tue Apr 19 2022 06:08:37 GMT-0700 (Pacific Daylight Time) (360)633-8770 _Email, Text, and Phone (triple play)
147318266 Tue Apr 19 2022 06:08:57 GMT-0700 (Pacific Daylight Time) (509)343-2121 _contact has requested details
147318347 Tue Apr 19 2022 06:09:15 GMT-0700 (Pacific Daylight Time) (425)789-3322 _working toward appointment
147343399 Tue Apr 19 2022 06:09:33 GMT-0700 (Pacific Daylight Time) (253)257-0423 _left 2nd messege
147345647 Tue Apr 19 2022 06:09:49 GMT-0700 (Pacific Daylight Time) (253)754-8508 _contact has requested details
147358142 Tue Apr 19 2022 06:10:07 GMT-0700 (Pacific Daylight Time) (206)601-9719 _Email, Text, and Phone (triple play)
147361300 Tue Apr 19 2022 06:10:27 GMT-0700 (Pacific Daylight Time) (253)381-3296 _left 2nd messege
146492706 Tue Apr 19 2022 06:10:43 GMT-0700 (Pacific Daylight Time) (253)883-8556 _Email, Text, and Phone (triple play)
146221051 Tue Apr 19 2022 06:11:03 GMT-0700 (Pacific Daylight Time) (253)281-2685 _Email, Text, and Phone (triple play)
146329665 Tue Apr 19 2022 06:11:22 GMT-0700 (Pacific Daylight Time) (253)652-9678 _left 2nd messege
146254013 Tue Apr 19 2022 06:11:39 GMT-0700 (Pacific Daylight Time) (678)687-0297 _Email, Text, and Phone (triple play)
146732717 Tue Apr 19 2022 06:11:58 GMT-0700 (Pacific Daylight Time) (360)556-8041 _Email, Text, and Phone (triple play)
147778019 Tue Apr 19 2022 06:12:18 GMT-0700 (Pacific Daylight Time) (253)501-6138 _Email, Text, and Phone (triple play)
147796848 Tue Apr 19 2022 06:12:38 GMT-0700 (Pacific Daylight Time) (719)725-7490 _Email, Text, and Phone (triple play)
147775875 Tue Apr 19 2022 06:12:57 GMT-0700 (Pacific Daylight Time) (360)880-8177 _contact has requested details
147752675 Tue Apr 19 2022 06:13:16 GMT-0700 (Pacific Daylight Time) (253)988-0099 _working toward appointment
147752654 Tue Apr 19 2022 06:13:34 GMT-0700 (Pacific Daylight Time) (619)322-4650 _Email, Text, and Phone (triple play)
147728799 Tue Apr 19 2022 06:13:54 GMT-0700 (Pacific Daylight Time) (360)871-5702 _contact has requested details
147742245 Tue Apr 19 2022 06:14:13 GMT-0700 (Pacific Daylight Time) (206)483-3342 _working toward appointment
147522422 Tue Apr 19 2022 06:14:32 GMT-0700 (Pacific Daylight Time) (907)318-5082 _left 2nd messege
147711383 Tue Apr 19 2022 06:14:49 GMT-0700 (Pacific Daylight Time) (972)762-9444 _contact has requested details
147711001 Tue Apr 19 2022 06:15:08 GMT-0700 (Pacific Daylight Time) (253)290-4028 _Email, Text, and Phone (triple play)
147283447 Tue Apr 19 2022 06:15:27 GMT-0700 (Pacific Daylight Time) (253)254-8561 _left 2nd messege
147666314 Tue Apr 19 2022 06:15:44 GMT-0700 (Pacific Daylight Time) (253)754-8900 _Email, Text, and Phone (triple play)
147665763 Tue Apr 19 2022 06:16:04 GMT-0700 (Pacific Daylight Time) (607)793-1302 _Email, Text, and Phone (triple play)
147583258 Tue Apr 19 2022 06:16:25 GMT-0700 (Pacific Daylight Time) (425)295-8330 _left 2nd messege
147672706 Tue Apr 19 2022 06:16:42 GMT-0700 (Pacific Daylight Time) (253)788-3102 _Email, Text, and Phone (triple play)
147655848 Tue Apr 19 2022 06:17:03 GMT-0700 (Pacific Daylight Time) (785)533-1376 _Email, Text, and Phone (triple play)
147658924 Tue Apr 19 2022 06:17:28 GMT-0700 (Pacific Daylight Time) (233)576-3030 _left 2nd messege
147658912 Tue Apr 19 2022 06:17:49 GMT-0700 (Pacific Daylight Time) (233)444-0292 _Email, Text, and Phone (triple play)
147658389 Tue Apr 19 2022 06:18:07 GMT-0700 (Pacific Daylight Time) (253)777-6666 _Email, Text, and Phone (triple play)
147634097 Tue Apr 19 2022 06:18:27 GMT-0700 (Pacific Daylight Time) (253)548-4444 _left 2nd messege
147543917 Tue Apr 19 2022 06:18:44 GMT-0700 (Pacific Daylight Time) (253)334-2790 _Email, Text, and Phone (triple play)
141009501 Tue Apr 19 2022 06:19:04 GMT-0700 (Pacific Daylight Time) (564)200-4378 _Email, Text, and Phone (triple play)
147581592 Tue Apr 19 2022 06:19:23 GMT-0700 (Pacific Daylight Time) (425)466-1644 _left 2nd messege
147583554 Tue Apr 19 2022 06:19:41 GMT-0700 (Pacific Daylight Time) (538)893-3222 _Email, Text, and Phone (triple play)
147583533 Tue Apr 19 2022 06:20:01 GMT-0700 (Pacific Daylight Time) (537)893-2112 _Email, Text, and Phone (triple play)
147583442 Tue Apr 19 2022 06:20:23 GMT-0700 (Pacific Daylight Time) (360)444-4344 _working toward appointment
147583361 Tue Apr 19 2022 06:20:41 GMT-0700 (Pacific Daylight Time) (360)295-0000 _Email, Text, and Phone (triple play)
147583258 Tue Apr 19 2022 06:21:02 GMT-0700 (Pacific Daylight Time) (425)295-8330 _Email, Text, and Phone (triple play)
147575597 Tue Apr 19 2022 06:21:22 GMT-0700 (Pacific Daylight Time) (253)765-3228 _working toward appointment
147562751 Tue Apr 19 2022 06:21:41 GMT-0700 (Pacific Daylight Time) (253)213-4208 _Email, Text, and Phone (triple play)
147555732 Tue Apr 19 2022 06:22:04 GMT-0700 (Pacific Daylight Time) (253)213-5812 _Email, Text, and Phone (triple play)
147493416 Tue Apr 19 2022 06:22:23 GMT-0700 (Pacific Daylight Time) (253)600-8005 _left 2nd messege
147488748 Tue Apr 19 2022 06:22:41 GMT-0700 (Pacific Daylight Time) (206)591-8836 _Email, Text, and Phone (triple play)
147491174 Tue Apr 19 2022 06:23:01 GMT-0700 (Pacific Daylight Time) (253)875-4373 _Email, Text, and Phone (triple play)
147491002 Tue Apr 19 2022 06:23:20 GMT-0700 (Pacific Daylight Time) (253)686-8936 _working toward appointment
147472719 Tue Apr 19 2022 06:23:38 GMT-0700 (Pacific Daylight Time) (360)520-0784 _Email, Text, and Phone (triple play)
147450204 Tue Apr 19 2022 06:24:04 GMT-0700 (Pacific Daylight Time) (206)850-0956 _contact has requested details
147152528 Tue Apr 19 2022 06:24:24 GMT-0700 (Pacific Daylight Time) (360)731-0412 _left 2nd messege
147432985 Tue Apr 19 2022 06:24:41 GMT-0700 (Pacific Daylight Time) (253)281-7013 _Email, Text, and Phone (triple play)
147440940 Tue Apr 19 2022 06:25:01 GMT-0700 (Pacific Daylight Time) (253)754-9605 _Email, Text, and Phone (triple play)
147156233 Tue Apr 19 2022 06:25:20 GMT-0700 (Pacific Daylight Time) (206)794-2748 _working toward appointment
147400376 Tue Apr 19 2022 06:25:38 GMT-0700 (Pacific Daylight Time) (206)866-4982 _Email, Text, and Phone (triple play)
147374663 Tue Apr 19 2022 06:25:58 GMT-0700 (Pacific Daylight Time) (253)273-0776 _contact has requested details
147374399 Tue Apr 19 2022 06:26:17 GMT-0700 (Pacific Daylight Time) (253)287-7037 _Email, Text, and Phone (triple play)
147248382 Tue Apr 19 2022 06:26:37 GMT-0700 (Pacific Daylight Time) (253)257-0162 _Email, Text, and Phone (triple play)
148070262 Tue Apr 19 2022 06:26:57 GMT-0700 (Pacific Daylight Time) (707)673-7273 _contact has requested details
148082715 Tue Apr 19 2022 06:27:16 GMT-0700 (Pacific Daylight Time) (253)283-3047 _working toward appointment
146570643 Tue Apr 19 2022 06:27:33 GMT-0700 (Pacific Daylight Time) (253)398-0022 _left 2nd messege
148015372 Tue Apr 19 2022 06:27:50 GMT-0700 (Pacific Daylight Time) (360)728-7361 _contact has requested details
148014976 Tue Apr 19 2022 06:28:10 GMT-0700 (Pacific Daylight Time) (253)961-3274 _Email, Text, and Phone (triple play)
148014233 Tue Apr 19 2022 06:28:29 GMT-0700 (Pacific Daylight Time) (940)273-8338 _left 2nd messege
148013917 Tue Apr 19 2022 06:28:47 GMT-0700 (Pacific Daylight Time) (253)205-6122 _contact has requested details
148012705 Tue Apr 19 2022 06:29:06 GMT-0700 (Pacific Daylight Time) (360)584-2859 _Email, Text, and Phone (triple play)
148004641 Tue Apr 19 2022 06:29:27 GMT-0700 (Pacific Daylight Time) (630)877-7844 _left 2nd messege
148010343 Tue Apr 19 2022 06:29:44 GMT-0700 (Pacific Daylight Time) (929)240-3090 _Email, Text, and Phone (triple play)
148009567 Tue Apr 19 2022 06:30:04 GMT-0700 (Pacific Daylight Time) (254)316-2508 _Email, Text, and Phone (triple play)
147948893 Tue Apr 19 2022 06:30:23 GMT-0700 (Pacific Daylight Time) (360)206-1677 _left 2nd messege
147983363 Tue Apr 19 2022 06:30:40 GMT-0700 (Pacific Daylight Time) (360)706-9015 _Email, Text, and Phone (triple play)
147981248 Tue Apr 19 2022 06:30:59 GMT-0700 (Pacific Daylight Time) (253)262-8479 _Email, Text, and Phone (triple play)
147630715 Tue Apr 19 2022 06:31:18 GMT-0700 (Pacific Daylight Time) (360)870-0542 _Email, Text, and Phone (triple play)
147493943 Tue Apr 19 2022 06:31:38 GMT-0700 (Pacific Daylight Time) (206)714-1696 _Email, Text, and Phone (triple play)
147960422 Tue Apr 19 2022 06:31:57 GMT-0700 (Pacific Daylight Time) (360)559-9197 _contact has requested details
147955066 Tue Apr 19 2022 06:32:16 GMT-0700 (Pacific Daylight Time) (408)393-6178 _working toward appointment
147954826 Tue Apr 19 2022 06:32:35 GMT-0700 (Pacific Daylight Time) (630)400-0825 _Email, Text, and Phone (triple play)
147950329 Tue Apr 19 2022 06:32:54 GMT-0700 (Pacific Daylight Time) (360)250-1739 _contact has requested details
147942420 Tue Apr 19 2022 06:33:14 GMT-0700 (Pacific Daylight Time) (253)431-2338 _working toward appointment
147932911 Tue Apr 19 2022 06:33:32 GMT-0700 (Pacific Daylight Time) (425)712-1035 _left 2nd messege
147554084 Tue Apr 19 2022 06:33:50 GMT-0700 (Pacific Daylight Time) (253)883-7929 _contact has requested details
147921625 Tue Apr 19 2022 06:34:16 GMT-0700 (Pacific Daylight Time) (206)880-4712 _Email, Text, and Phone (triple play)
147923248 Tue Apr 19 2022 06:34:36 GMT-0700 (Pacific Daylight Time) (360)472-3027 _Email, Text, and Phone (triple play)
147919930 Tue Apr 19 2022 06:34:55 GMT-0700 (Pacific Daylight Time) (253)761-6532 _contact has requested details
147913787 Tue Apr 19 2022 06:35:14 GMT-0700 (Pacific Daylight Time) (253)240-6491 _working toward appointment
147697334 Tue Apr 19 2022 06:35:32 GMT-0700 (Pacific Daylight Time) (253)290-0080 _left 2nd messege
147923917 Tue Apr 19 2022 06:35:49 GMT-0700 (Pacific Daylight Time) (509)571-3088 _contact has requested details
147900414 Tue Apr 19 2022 06:36:07 GMT-0700 (Pacific Daylight Time) (206)429-0030 _Email, Text, and Phone (triple play)
147893247 Tue Apr 19 2022 06:36:27 GMT-0700 (Pacific Daylight Time) (253)841-3730 _left 2nd messege
147851514 Tue Apr 19 2022 06:36:47 GMT-0700 (Pacific Daylight Time) (253)325-3788 _Email, Text, and Phone (triple play)
146365495 Tue Apr 19 2022 06:37:07 GMT-0700 (Pacific Daylight Time) (253)290-9388 _Email, Text, and Phone (triple play)
147878662 Tue Apr 19 2022 06:37:26 GMT-0700 (Pacific Daylight Time) (253)392-5818 _left 2nd messege
147878639 Tue Apr 19 2022 06:37:43 GMT-0700 (Pacific Daylight Time) (925)478-0728 _Email, Text, and Phone (triple play)
147857839 Tue Apr 19 2022 06:38:03 GMT-0700 (Pacific Daylight Time) (253)343-4497 _Email, Text, and Phone (triple play)
147857580 Tue Apr 19 2022 06:38:22 GMT-0700 (Pacific Daylight Time) (360)216-6614 _left 2nd messege
147841719 Tue Apr 19 2022 06:38:40 GMT-0700 (Pacific Daylight Time) (253)213-1809 _Email, Text, and Phone (triple play)
147839554 Tue Apr 19 2022 06:39:01 GMT-0700 (Pacific Daylight Time) (330)730-5730 _Email, Text, and Phone (triple play)
147835023 Tue Apr 19 2022 06:39:20 GMT-0700 (Pacific Daylight Time) (253)348-9332 _working toward appointment
147829080 Tue Apr 19 2022 06:39:37 GMT-0700 (Pacific Daylight Time) (253)331-5638 _Email, Text, and Phone (triple play)
147711098 Tue Apr 19 2022 06:39:57 GMT-0700 (Pacific Daylight Time) (425)900-8438 _contact has requested details
147841481 Tue Apr 19 2022 06:40:17 GMT-0700 (Pacific Daylight Time) (253)468-6041 _working toward appointment
147839706 Tue Apr 19 2022 06:40:35 GMT-0700 (Pacific Daylight Time) (509)885-3992 _Email, Text, and Phone (triple play)
147839706 Tue Apr 19 2022 06:40:55 GMT-0700 (Pacific Daylight Time) (509)885-3992 _contact has requested details
147829355 Tue Apr 19 2022 06:41:13 GMT-0700 (Pacific Daylight Time) (253)367-9502 _working toward appointment
147829163 Tue Apr 19 2022 06:41:33 GMT-0700 (Pacific Daylight Time) (253)314-7363 _left 2nd messege
143953662 Tue Apr 19 2022 06:41:50 GMT-0700 (Pacific Daylight Time) (253)754-7352 _contact has requested details
147828464 Tue Apr 19 2022 06:42:08 GMT-0700 (Pacific Daylight Time) (206)530-6424 _Email, Text, and Phone (triple play)
148215738 Tue Apr 19 2022 06:42:27 GMT-0700 (Pacific Daylight Time) (253)554-2322 _left 2nd messege
148215659 Tue Apr 19 2022 06:42:44 GMT-0700 (Pacific Daylight Time) (253)554-2222 _Email, Text, and Phone (triple play)
146636678 Tue Apr 19 2022 06:43:04 GMT-0700 (Pacific Daylight Time) (253)386-9949 _Email, Text, and Phone (triple play)
146562049 Tue Apr 19 2022 06:43:24 GMT-0700 (Pacific Daylight Time) (253)316-3399 _left 2nd messege
146201014 Tue Apr 19 2022 06:43:41 GMT-0700 (Pacific Daylight Time) (253)392-0920 _Email, Text, and Phone (triple play)
146313360 Tue Apr 19 2022 06:44:01 GMT-0700 (Pacific Daylight Time) (360)522-1718 _Email, Text, and Phone (triple play)
146648526 Tue Apr 19 2022 06:44:23 GMT-0700 (Pacific Daylight Time) (206)482-5632 _working toward appointment
146560679 Tue Apr 19 2022 06:44:42 GMT-0700 (Pacific Daylight Time) (253)219-8511 _Email, Text, and Phone (triple play)
147583258 Tue Apr 19 2022 06:45:01 GMT-0700 (Pacific Daylight Time) (425)295-8330 _Email, Text, and Phone (triple play)
148215642 Tue Apr 19 2022 06:45:21 GMT-0700 (Pacific Daylight Time) (253)744-3123 _working toward appointment
148215606 Tue Apr 19 2022 06:45:40 GMT-0700 (Pacific Daylight Time) (253)786-3421 _Email, Text, and Phone (triple play)
148215597 Tue Apr 19 2022 06:45:59 GMT-0700 (Pacific Daylight Time) (253)809-4533 _Email, Text, and Phone (triple play)
148215575 Tue Apr 19 2022 06:46:18 GMT-0700 (Pacific Daylight Time) (253)584-8809 _Email, Text, and Phone (triple play)
148215534 Tue Apr 19 2022 06:46:37 GMT-0700 (Pacific Daylight Time) (425)564-0022 _Email, Text, and Phone (triple play)
146554271 Tue Apr 19 2022 06:46:57 GMT-0700 (Pacific Daylight Time) (253)320-4530 _contact has requested details
146293265 Tue Apr 19 2022 06:47:16 GMT-0700 (Pacific Daylight Time) (253)224-1855 _working toward appointment
146177319 Tue Apr 19 2022 06:47:35 GMT-0700 (Pacific Daylight Time) (253)231-2225 _Email, Text, and Phone (triple play)
146555571 Tue Apr 19 2022 06:47:54 GMT-0700 (Pacific Daylight Time) (646)986-6248 _contact has requested details
146399357 Tue Apr 19 2022 06:48:12 GMT-0700 (Pacific Daylight Time) (425)314-6566 _working toward appointment
146464334 Tue Apr 19 2022 06:48:32 GMT-0700 (Pacific Daylight Time) (253)987-9123 _left 2nd messege
146308387 Tue Apr 19 2022 06:48:49 GMT-0700 (Pacific Daylight Time) (475)219-1247 _contact has requested details
146376938 Tue Apr 19 2022 06:49:08 GMT-0700 (Pacific Daylight Time) (509)429-4665 _Email, Text, and Phone (triple play)
148215215 Tue Apr 19 2022 06:49:28 GMT-0700 (Pacific Daylight Time) (253)988-4433 _left 2nd messege
147777501 Tue Apr 19 2022 06:49:46 GMT-0700 (Pacific Daylight Time) (253)366-1391 _Email, Text, and Phone (triple play)
148199457 Tue Apr 19 2022 06:50:05 GMT-0700 (Pacific Daylight Time) (253)456-2222 _Email, Text, and Phone (triple play)
148194897 Tue Apr 19 2022 06:50:25 GMT-0700 (Pacific Daylight Time) (360)456-0922 _left 2nd messege
148194846 Tue Apr 19 2022 06:50:42 GMT-0700 (Pacific Daylight Time) (253)752-5003 _Email, Text, and Phone (triple play)
148178862 Tue Apr 19 2022 06:51:01 GMT-0700 (Pacific Daylight Time) (360)972-0903 _Email, Text, and Phone (triple play)
148172122 Tue Apr 19 2022 06:51:20 GMT-0700 (Pacific Daylight Time) (360)481-6536 _working toward appointment
148169313 Tue Apr 19 2022 06:51:38 GMT-0700 (Pacific Daylight Time) (206)579-1786 _Email, Text, and Phone (triple play)
148124684 Tue Apr 19 2022 06:51:56 GMT-0700 (Pacific Daylight Time) (360)591-6774 _contact has requested details
147388073 Tue Apr 19 2022 06:52:16 GMT-0700 (Pacific Daylight Time) (253)361-7411 _working toward appointment
148097375 Tue Apr 19 2022 06:52:34 GMT-0700 (Pacific Daylight Time) (360)349-1665 _Email, Text, and Phone (triple play)
148096879 Tue Apr 19 2022 06:53:00 GMT-0700 (Pacific Daylight Time) (425)362-3995 _contact has requested details
148095797 Tue Apr 19 2022 06:53:19 GMT-0700 (Pacific Daylight Time) (206)751-5325 _working toward appointment
148085186 Tue Apr 19 2022 06:53:39 GMT-0700 (Pacific Daylight Time) (863)443-6658 _Email, Text, and Phone (triple play)
143723626 Tue Apr 19 2022 06:53:59 GMT-0700 (Pacific Daylight Time) (253)527-9843 _Email, Text, and Phone (triple play)
148086120 Tue Apr 19 2022 06:54:20 GMT-0700 (Pacific Daylight Time) (253)283-5459 _Email, Text, and Phone (triple play)
148009184 Tue Apr 19 2022 06:54:39 GMT-0700 (Pacific Daylight Time) (253)331-9907 _Email, Text, and Phone (triple play)
148085639 Tue Apr 19 2022 06:54:58 GMT-0700 (Pacific Daylight Time) (253)255-3179 _Email, Text, and Phone (triple play)
148068977 Tue Apr 19 2022 06:55:18 GMT-0700 (Pacific Daylight Time) (352)950-0498 _Email, Text, and Phone (triple play)
148249021 Tue Apr 19 2022 06:55:37 GMT-0700 (Pacific Daylight Time) (555)555-3433 _Email, Text, and Phone (triple play)
147317920 Fri Apr 22 2022 00:42:21 GMT-0700 (Pacific Daylight Time) (253)903-3333 _Email, Text, and Phone (triple play)
147317903 Fri Apr 22 2022 00:42:39 GMT-0700 (Pacific Daylight Time) (253)577-6000 _Email, Text, and Phone (triple play)
147317715 Fri Apr 22 2022 00:42:59 GMT-0700 (Pacific Daylight Time) (343)344-8885 _Email, Text, and Phone (triple play)
147317707 Fri Apr 22 2022 00:43:19 GMT-0700 (Pacific Daylight Time) (234)434-3034 _Email, Text, and Phone (triple play)
147317686 Fri Apr 22 2022 00:43:37 GMT-0700 (Pacific Daylight Time) (253)890-4433 _Email, Text, and Phone (triple play)
147317675 Fri Apr 22 2022 00:43:56 GMT-0700 (Pacific Daylight Time) (253)666-3232 _contact has requested details
147317666 Fri Apr 22 2022 00:44:14 GMT-0700 (Pacific Daylight Time) (253)445-3222 _working toward appointment
147317436 Fri Apr 22 2022 00:44:33 GMT-0700 (Pacific Daylight Time) (253)444-4444 _left 2nd messege
147317060 Fri Apr 22 2022 00:44:51 GMT-0700 (Pacific Daylight Time) (253)999-0000 _contact has requested details
147071434 Fri Apr 22 2022 00:45:11 GMT-0700 (Pacific Daylight Time) (253)765-1908 _working toward appointment
147231306 Fri Apr 22 2022 00:45:29 GMT-0700 (Pacific Daylight Time) (253)281-6002 _left 2nd messege
147230733 Fri Apr 22 2022 00:45:46 GMT-0700 (Pacific Daylight Time) (253)981-2834 _contact has requested details
147207466 Fri Apr 22 2022 00:46:04 GMT-0700 (Pacific Daylight Time) (720)461-7224 _Email, Text, and Phone (triple play)
147203482 Fri Apr 22 2022 00:46:24 GMT-0700 (Pacific Daylight Time) (253)290-6201 _left 2nd messege
147203426 Fri Apr 22 2022 00:46:41 GMT-0700 (Pacific Daylight Time) (253)328-1483 _Email, Text, and Phone (triple play)
147161026 Fri Apr 22 2022 00:47:00 GMT-0700 (Pacific Daylight Time) (534)455-5552 _Email, Text, and Phone (triple play)
147146978 Fri Apr 22 2022 00:47:19 GMT-0700 (Pacific Daylight Time) (509)362-1985 _working toward appointment
